  enemyBarrage.cpp
c:\users\g0913\desktop\syukatu\project\source\enemybarrage.cpp(207): warning C4244: '初期化中': 'double' から 'float' への変換です。データが失われる可能性があります。
c:\users\g0913\desktop\syukatu\project\source\enemybarrage.cpp(208): warning C4244: '初期化中': 'double' から 'float' への変換です。データが失われる可能性があります。
  enemyBarrageManager.cpp
  enemyManager.cpp
  enemyShot.cpp
  enemyShotManager.cpp
  field.cpp
c:\users\g0913\desktop\syukatu\project\source\field.cpp(70): warning C4244: '=': 'int' から 'float' への変換です。データが失われる可能性があります。
c:\users\g0913\desktop\syukatu\project\source\field.cpp(71): warning C4244: '=': 'int' から 'float' への変換です。データが失われる可能性があります。
c:\users\g0913\desktop\syukatu\project\source\field.cpp(72): warning C4244: '=': 'int' から 'float' への変換です。データが失われる可能性があります。
c:\users\g0913\desktop\syukatu\project\source\field.cpp(86): warning C4244: '引数': 'float' から 'int' への変換です。データが失われる可能性があります。
c:\users\g0913\desktop\syukatu\project\source\field.cpp(87): warning C4244: '引数': 'float' から 'int' への変換です。データが失われる可能性があります。
c:\users\g0913\desktop\syukatu\project\source\field.cpp(28): warning C4101: 'hp_max': ローカル変数は 1 度も使われていません。
c:\users\g0913\desktop\syukatu\project\source\field.cpp(35): warning C4101: 'state': ローカル変数は 1 度も使われていません。
c:\users\g0913\desktop\syukatu\project\source\field.cpp(25): warning C4101: 'direction': ローカル変数は 1 度も使われていません。
c:\users\g0913\desktop\syukatu\project\source\field.cpp(22): warning C4101: 'angle': ローカル変数は 1 度も使われていません。
c:\users\g0913\desktop\syukatu\project\source\field.cpp(23): warning C4101: 'exist': ローカル変数は 1 度も使われていません。
  furball.cpp
c:\users\g0913\desktop\syukatu\project\source\furball.cpp(86): warning C4244: '初期化中': 'double' から 'float' への変換です。データが失われる可能性があります。
c:\users\g0913\desktop\syukatu\project\source\furball.cpp(87): warning C4244: '初期化中': 'double' から 'float' への変換です。データが失われる可能性があります。
  playScene.cpp
  player.cpp
c:\users\g0913\desktop\syukatu\project\source\player.cpp(120): warning C4244: '=': 'double' から 'int' への変換です。データが失われる可能性があります。
c:\users\g0913\desktop\syukatu\project\source\player.cpp(121): warning C4244: '=': 'double' から 'int' への変換です。データが失われる可能性があります。
c:\users\g0913\desktop\syukatu\project\source\player.cpp(123): warning C4244: '=': 'double' から 'int' への変換です。データが失われる可能性があります。
c:\users\g0913\desktop\syukatu\project\source\player.cpp(124): warning C4244: '=': 'double' から 'int' への変換です。データが失われる可能性があります。
  shotBase.cpp
  コードを生成中...
  project.vcxproj -> C:\Users\G0913\Desktop\syukatu\project\x64\Debug\project.exe
